#
# There is insufficient memory for the Java Runtime Environment to continue.
# Native memory allocation (malloc) failed to allocate 131088 bytes for Chunk::new
# Possible reasons:
#   The system is out of physical RAM or swap space
#   The process is running with CompressedOops enabled, and the Java Heap may be blocking the growth of the native heap
# Possible solutions:
#   Reduce memory load on the system
#   Increase physical memory or swap space
#   Check if swap backing store is full
#   Decrease Java heap size (-Xmx/-Xms)
#   Decrease number of Java threads
#   Decrease Java thread stack sizes (-Xss)
#   Set larger code cache with -XX:ReservedCodeCacheSize=
#   JVM is running with Zero Based Compressed Oops mode in which the Java heap is
#     placed in the first 32GB address space. The Java Heap base address is the
#     maximum limit for the native heap growth. Please use -XX:HeapBaseMinAddress
#     to set the Java Heap base and to place the Java Heap above 32GB virtual address.
# This output file may be truncated or incomplete.
#
#  Out of Memory Error (arena.cpp:168), pid=27620, tid=27924
#
# JRE version: Java(TM) SE Runtime Environment (21.0.4+8) (build 21.0.4+8-LTS-274)
# Java VM: Java HotSpot(TM) 64-Bit Server VM (21.0.4+8-LTS-274, mixed mode, sharing, tiered, compressed oops, compressed class ptrs, g1 gc, windows-amd64)
# No core dump will be written. Minidumps are not enabled by default on client versions of Windows
#

---------------  S U M M A R Y ------------

Command Line: --enable-native-access=ALL-UNNAMED -Dclassworlds.conf=D:\apache-maven-3.9.11\bin\m2.conf -Dmaven.home=D:\apache-maven-3.9.11 -Dlibrary.jansi.path=D:\apache-maven-3.9.11\lib\jansi-native -Dmaven.multiModuleProjectDirectory=D:\×ÀÃæ\ainaojin-backend\ainaojin-backend11 org.codehaus.plexus.classworlds.launcher.Launcher clean install -U

Host: 13th Gen Intel(R) Core(TM) i5-13450HX, 16 cores, 15G,  Windows 11 , 64 bit Build 26100 (10.0.26100.7019)
Time: Fri Nov 28 11:58:17 2025  Windows 11 , 64 bit Build 26100 (10.0.26100.7019) elapsed time: 168.358897 seconds (0d 0h 2m 48s)

---------------  T H R E A D  ---------------

Current thread (0x000002eb19008320):  JavaThread "C2 CompilerThread0" daemon [_thread_in_native, id=27924, stack(0x000000eb9cd00000,0x000000eb9ce00000) (1024K)]


Current CompileTask:
C2: 168358 9805   !   4       org.apache.maven.cli.transfer.ConsoleMavenTransferListener::transferProgressed (245 bytes)

Stack: [0x000000eb9cd00000,0x000000eb9ce00000]
Native frames: (J=compiled Java code, j=interpreted, Vv=VM code, C=native code)
V  [jvm.dll+0x6c8e59]
V  [jvm.dll+0x853181]
V  [jvm.dll+0x8556ae]
V  [jvm.dll+0x855d83]
V  [jvm.dll+0x27d526]
V  [jvm.dll+0xc4aad]
V  [jvm.dll+0xc4fe3]
V  [jvm.dll+0xc4bd5]
V  [jvm.dll+0x6efdbf]
V  [jvm.dll+0x1cb133]
V  [jvm.dll+0x6f206f]
V  [jvm.dll+0x6df534]
V  [jvm.dll+0x6e3031]
V  [jvm.dll+0x6db285]
V  [jvm.dll+0x6da8ce]
V  [jvm.dll+0x6d8af4]
V  [jvm.dll+0x1c9d0c]
V  [jvm.dll+0x2ef59f]
V  [jvm.dll+0x6e3058]
V  [jvm.dll+0x6db285]
V  [jvm.dll+0x6da8ce]
V  [jvm.dll+0x6d8af4]
V  [jvm.dll+0x1c9d0c]
V  [jvm.dll+0x2ef59f]
V  [jvm.dll+0x6e3058]
V  [jvm.dll+0x6db285]
V  [jvm.dll+0x6da8ce]
V  [jvm.dll+0x6d8af4]
V  [jvm.dll+0x1c9d0c]
V  [jvm.dll+0x1ca88c]
V  [jvm.dll+0x1c835c]
V  [jvm.dll+0x24e64e]
V  [jvm.dll+0x245503]
V  [jvm.dll+0x1c69de]
V  [jvm.dll+0x254d49]
V  [jvm.dll+0x2532da]
V  [jvm.dll+0x3ed426]
V  [jvm.dll+0x7fd65b]
V  [jvm.dll+0x6c753d]
C  [ucrtbase.dll+0x37b0]
C  [KERNEL32.DLL+0x2e8d7]
C  [ntdll.dll+0x8c53c]


---------------  P R O C E S S  ---------------

Threads class SMR info:
_java_thread_list=0x000002eb1d725e20, length=17, elements={
0x000002eab2036d60, 0x000002ead3398d40, 0x000002ead339fbc0, 0x000002ead33a3940,
0x000002eb190346b0, 0x000002eb19002290, 0x000002eb19003a50, 0x000002eb19008320,
0x000002eb1900c3f0, 0x000002eb192275b0, 0x000002eb1922d840, 0x000002eb1a8ff590,
0x000002eb1baeaf60, 0x000002eb1bae9bb0, 0x000002eb1bae8e90, 0x000002eb1baea240,
0x000002eb1baea8d0
}

Java Threads: ( => current thread )
  0x000002eab2036d60 JavaThread "main"                              [_thread_blocked, id=23852, stack(0x000000eb9bf00000,0x000000eb9c000000) (1024K)]
  0x000002ead3398d40 JavaThread "Reference Handler"          daemon [_thread_blocked, id=17176, stack(0x000000eb9c700000,0x000000eb9c800000) (1024K)]
  0x000002ead339fbc0 JavaThread "Finalizer"                  daemon [_thread_blocked, id=15892, stack(0x000000eb9c800000,0x000000eb9c900000) (1024K)]
  0x000002ead33a3940 JavaThread "Signal Dispatcher"          daemon [_thread_blocked, id=27664, stack(0x000000eb9c900000,0x000000eb9ca00000) (1024K)]
  0x000002eb190346b0 JavaThread "Attach Listener"            daemon [_thread_blocked, id=27448, stack(0x000000eb9ca00000,0x000000eb9cb00000) (1024K)]
  0x000002eb19002290 JavaThread "Service Thread"             daemon [_thread_blocked, id=14208, stack(0x000000eb9cb00000,0x000000eb9cc00000) (1024K)]
  0x000002eb19003a50 JavaThread "Monitor Deflation Thread"   daemon [_thread_blocked, id=21496, stack(0x000000eb9cc00000,0x000000eb9cd00000) (1024K)]
=>0x000002eb19008320 JavaThread "C2 CompilerThread0"         daemon [_thread_in_native, id=27924, stack(0x000000eb9cd00000,0x000000eb9ce00000) (1024K)]
  0x000002eb1900c3f0 JavaThread "C1 CompilerThread0"         daemon [_thread_blocked, id=26056, stack(0x000000eb9ce00000,0x000000eb9cf00000) (1024K)]
  0x000002eb192275b0 JavaThread "Notification Thread"        daemon [_thread_blocked, id=18212, stack(0x000000eb9d100000,0x000000eb9d200000) (1024K)]
  0x000002eb1922d840 JavaThread "Common-Cleaner"             daemon [_thread_blocked, id=16476, stack(0x000000eb9d200000,0x000000eb9d300000) (1024K)]
  0x000002eb1a8ff590 JavaThread "Thread-1"                   daemon [_thread_blocked, id=23260, stack(0x000000eb9e100000,0x000000eb9e200000) (1024K)]
  0x000002eb1baeaf60 JavaThread "BasicRepositoryConnector-repo.maven.apache.org-5-0" daemon [_thread_in_native, id=16236, stack(0x000000eb9bd00000,0x000000eb9be00000) (1024K)]
  0x000002eb1bae9bb0 JavaThread "BasicRepositoryConnector-repo.maven.apache.org-5-1" daemon [_thread_in_native, id=13140, stack(0x000000eb9be00000,0x000000eb9bf00000) (1024K)]
  0x000002eb1bae8e90 JavaThread "BasicRepositoryConnector-repo.maven.apache.org-5-2" daemon [_thread_in_native, id=5084, stack(0x000000eb9cf00000,0x000000eb9d000000) (1024K)]
  0x000002eb1baea240 JavaThread "BasicRepositoryConnector-repo.maven.apache.org-5-3" daemon [_thread_in_native, id=24724, stack(0x000000eb9d000000,0x000000eb9d100000) (1024K)]
  0x000002eb1baea8d0 JavaThread "BasicRepositoryConnector-repo.maven.apache.org-5-4" daemon [_thread_in_native, id=14476, stack(0x000000eb9d300000,0x000000eb9d400000) (1024K)]
Total: 17

Other Threads:
  0x000002ead3373b30 VMThread "VM Thread"                           [id=12356, stack(0x000000eb9c600000,0x000000eb9c700000) (1024K)]
  0x000002ead3357af0 WatcherThread "VM Periodic Task Thread"        [id=26736, stack(0x000000eb9c500000,0x000000eb9c600000) (1024K)]
  0x000002eab43a0540 WorkerThread "GC Thread#0"                     [id=9748, stack(0x000000eb9c000000,0x000000eb9c100000) (1024K)]
  0x000002eb19a1fce0 WorkerThread "GC Thread#1"                     [id=18132, stack(0x000000eb9d600000,0x000000eb9d700000) (1024K)]
  0x000002eb19a20080 WorkerThread "GC Thread#2"                     [id=12972, stack(0x000000eb9d700000,0x000000eb9d800000) (1024K)]
  0x000002eb19a20420 WorkerThread "GC Thread#3"                     [id=24668, stack(0x000000eb9d800000,0x000000eb9d900000) (1024K)]
  0x000002eb19a207c0 WorkerThread "GC Thread#4"                     [id=5460, stack(0x000000eb9d900000,0x000000eb9da00000) (1024K)]
  0x000002eb19d41da0 WorkerThread "GC Thread#5"                     [id=12708, stack(0x000000eb9da00000,0x000000eb9db00000) (1024K)]
  0x000002eb19b28800 WorkerThread "GC Thread#6"                     [id=14580, stack(0x000000eb9db00000,0x000000eb9dc00000) (1024K)]
  0x000002eb1a129350 WorkerThread "GC Thread#7"                     [id=25796, stack(0x000000eb9dc00000,0x000000eb9dd00000) (1024K)]
  0x000002eb1a3d8920 WorkerThread "GC Thread#8"                     [id=2244, stack(0x000000eb9e200000,0x000000eb9e300000) (1024K)]
  0x000002eb1a3d8580 WorkerThread "GC Thread#9"                     [id=3180, stack(0x000000eb9e300000,0x000000eb9e400000) (1024K)]
  0x000002eb1a3d8cc0 WorkerThread "GC Thread#10"                    [id=9284, stack(0x000000eb9d400000,0x000000eb9d500000) (1024K)]
  0x000002eb1a3d9060 WorkerThread "GC Thread#11"                    [id=9684, stack(0x000000eb9dd00000,0x000000eb9de00000) (1024K)]
  0x000002eb1b17fb20 WorkerThread "GC Thread#12"                    [id=7772, stack(0x000000eb9de00000,0x000000eb9df00000) (1024K)]
  0x000002eab43b0f40 ConcurrentGCThread "G1 Main Marker"            [id=16832, stack(0x000000eb9c100000,0x000000eb9c200000) (1024K)]
  0x000002eab43b27d0 WorkerThread "G1 Conc#0"                       [id=7076, stack(0x000000eb9c200000,0x000000eb9c300000) (1024K)]
  0x000002eb1b17fec0 WorkerThread "G1 Conc#1"                       [id=14992, stack(0x000000eb9df00000,0x000000eb9e000000) (1024K)]
  0x000002eb1b182a40 WorkerThread "G1 Conc#2"                       [id=24088, stack(0x000000eb9e000000,0x000000eb9e100000) (1024K)]
  0x000002ead322a520 ConcurrentGCThread "G1 Refine#0"               [id=18408, stack(0x000000eb9c300000,0x000000eb9c400000) (1024K)]
  0x000002ead322ae40 ConcurrentGCThread "G1 Service"                [id=27328, stack(0x000000eb9c400000,0x000000eb9c500000) (1024K)]
Total: 21

Threads with active compile tasks:
C2 CompilerThread0   168435 9805   !   4       org.apache.maven.cli.transfer.ConsoleMavenTransferListener::transferProgressed (245 bytes)
Total: 1

VM state: not at safepoint (normal execution)

VM Mutex/Monitor currently owned by a thread: None

Heap address: 0x0000000704e00000, size: 4018 MB, Compressed Oops mode: Zero based, Oop shift amount: 3

CDS archive(s) mapped at: [0x000002ead4000000-0x000002ead4c90000-0x000002ead4c90000), size 13172736, SharedBaseAddress: 0x000002ead4000000, ArchiveRelocationMode: 1.
Compressed class space mapped at: 0x000002ead5000000-0x000002eb15000000, reserved size: 1073741824
Narrow klass base: 0x000002ead4000000, Narrow klass shift: 0, Narrow klass range: 0x100000000

GC Precious Log:
 CardTable entry size: 512
 Card Set container configuration: InlinePtr #cards 4 size 8 Array Of Cards #cards 16 size 48 Howl #buckets 8 coarsen threshold 3686 Howl Bitmap #cards 512 size 80 coarsen threshold 460 Card regions per heap region 1 cards per card region 4096
 CPUs: 16 total, 16 available
 Memory: 16068M
 Large Page Support: Disabled
 NUMA Support: Disabled
 Compressed Oops: Enabled (Zero based)
 Heap Region Size: 2M
 Heap Min Capacity: 8M
 Heap Initial Capacity: 252M
 Heap Max Capacity: 4018M
 Pre-touch: Disabled
 Parallel Workers: 13
 Concurrent Workers: 3
 Concurrent Refinement Workers: 13
 Periodic GC: Disabled

Heap:
 garbage-first heap   total 75776K, used 56798K [0x0000000704e00000, 0x0000000800000000)
  region size 2048K, 14 young (28672K), 2 survivors (4096K)
 Metaspace       used 40577K, committed 41472K, reserved 1114112K
  class space    used 4526K, committed 4864K, reserved 1048576K

Heap Regions: E=young(eden), S=young(survivor), O=old, HS=humongous(starts), HC=humongous(continues), CS=collection set, F=free, TAMS=top-at-mark-start, PB=parsable bottom
|   0|0x0000000704e00000, 0x0000000705000000, 0x0000000705000000|100%| O|  |TAMS 0x0000000704e00000| PB 0x0000000704e00000| Untracked 
|   1|0x0000000705000000, 0x0000000705200000, 0x0000000705200000|100%| O|  |TAMS 0x0000000705000000| PB 0x0000000705000000| Untracked 
|   2|0x0000000705200000, 0x0000000705400000, 0x0000000705400000|100%| O|  |TAMS 0x0000000705200000| PB 0x0000000705200000| Untracked 
|   3|0x0000000705400000, 0x0000000705600000, 0x0000000705600000|100%| O|  |TAMS 0x0000000705400000| PB 0x0000000705400000| Untracked 
|   4|0x0000000705600000, 0x0000000705800000, 0x0000000705800000|100%| O|  |TAMS 0x0000000705600000| PB 0x0000000705600000| Untracked 
|   5|0x0000000705800000, 0x0000000705a00000, 0x0000000705a00000|100%| O|  |TAMS 0x0000000705800000| PB 0x0000000705800000| Untracked 
|   6|0x0000000705a00000, 0x0000000705c00000, 0x0000000705c00000|100%| O|  |TAMS 0x0000000705a00000| PB 0x0000000705a00000| Untracked 
|   7|0x0000000705c00000, 0x0000000705e00000, 0x0000000705e00000|100%| O|  |TAMS 0x0000000705c00000| PB 0x0000000705c00000| Untracked 
|   8|0x0000000705e00000, 0x0000000705ed8250, 0x0000000706000000| 42%| O|  |TAMS 0x0000000705e00000| PB 0x0000000705e00000| Untracked 
|   9|0x0000000706000000, 0x0000000706000000, 0x0000000706200000|  0%| F|  |TAMS 0x0000000706000000| PB 0x0000000706000000| Untracked 
|  10|0x0000000706200000, 0x0000000706400000, 0x0000000706400000|100%| O|Cm|TAMS 0x0000000706200000| PB 0x0000000706200000| Complete 
|  11|0x0000000706400000, 0x0000000706400000, 0x0000000706600000|  0%| F|  |TAMS 0x0000000706400000| PB 0x0000000706400000| Untracked 
|  12|0x0000000706600000, 0x0000000706800000, 0x0000000706800000|100%|HS|  |TAMS 0x0000000706600000| PB 0x0000000706600000| Complete 
|  13|0x0000000706800000, 0x0000000706a00000, 0x0000000706a00000|100%|HC|  |TAMS 0x0000000706800000| PB 0x0000000706800000| Complete 
|  14|0x0000000706a00000, 0x0000000706a00000, 0x0000000706c00000|  0%| F|  |TAMS 0x0000000706a00000| PB 0x0000000706a00000| Untracked 
|  15|0x0000000706c00000, 0x0000000706e00000, 0x0000000706e00000|100%| O|  |TAMS 0x0000000706c00000| PB 0x0000000706c00000| Untracked 
|  16|0x0000000706e00000, 0x0000000707000000, 0x0000000707000000|100%| O|  |TAMS 0x0000000706e00000| PB 0x0000000706e00000| Untracked 
|  17|0x0000000707000000, 0x0000000707000000, 0x0000000707200000|  0%| F|  |TAMS 0x0000000707000000| PB 0x0000000707000000| Untracked 
|  18|0x0000000707200000, 0x0000000707200000, 0x0000000707400000|  0%| F|  |TAMS 0x0000000707200000| PB 0x0000000707200000| Untracked 
|  19|0x0000000707400000, 0x000000070749f768, 0x0000000707600000| 31%| S|CS|TAMS 0x0000000707400000| PB 0x0000000707400000| Complete 
|  20|0x0000000707600000, 0x0000000707800000, 0x0000000707800000|100%| S|CS|TAMS 0x0000000707600000| PB 0x0000000707600000| Complete 
|  21|0x0000000707800000, 0x0000000707800000, 0x0000000707a00000|  0%| F|  |TAMS 0x0000000707800000| PB 0x0000000707800000| Untracked 
|  22|0x0000000707a00000, 0x0000000707c00000, 0x0000000707c00000|100%| E|  |TAMS 0x0000000707a00000| PB 0x0000000707a00000| Complete 
|  23|0x0000000707c00000, 0x0000000707e00000, 0x0000000707e00000|100%| E|CS|TAMS 0x0000000707c00000| PB 0x0000000707c00000| Complete 
|  24|0x0000000707e00000, 0x0000000708000000, 0x0000000708000000|100%| E|CS|TAMS 0x0000000707e00000| PB 0x0000000707e00000| Complete 
|  25|0x0000000708000000, 0x0000000708200000, 0x0000000708200000|100%| E|CS|TAMS 0x0000000708000000| PB 0x0000000708000000| Complete 
|  26|0x0000000708200000, 0x0000000708400000, 0x0000000708400000|100%| E|CS|TAMS 0x0000000708200000| PB 0x0000000708200000| Complete 
|  27|0x0000000708400000, 0x0000000708600000, 0x0000000708600000|100%| E|CS|TAMS 0x0000000708400000| PB 0x0000000708400000| Complete 
|  99|0x0000000711400000, 0x0000000711600000, 0x0000000711600000|100%| E|CS|TAMS 0x0000000711400000| PB 0x0000000711400000| Complete 
| 100|0x0000000711600000, 0x0000000711800000, 0x0000000711800000|100%| E|CS|TAMS 0x0000000711600000| PB 0x0000000711600000| Complete 
| 101|0x0000000711800000, 0x0000000711a00000, 0x0000000711a00000|100%| E|CS|TAMS 0x0000000711800000| PB 0x0000000711800000| Complete 
| 102|0x0000000711a00000, 0x0000000711c00000, 0x0000000711c00000|100%| E|  |TAMS 0x0000000711a00000| PB 0x0000000711a00000| Complete 
| 125|0x0000000714800000, 0x0000000714a00000, 0x0000000714a00000|100%| E|CS|TAMS 0x0000000714800000| PB 0x0000000714800000| Complete 
|2005|0x00000007ff800000, 0x00000007ffa00000, 0x00000007ffa00000|100%| O|  |TAMS 0x00000007ff800000| PB 0x00000007ff800000| Untracked 
|2006|0x00000007ffa00000, 0x00000007ffc00000, 0x00000007ffc00000|100%| O|Cm|TAMS 0x00000007ffa00000| PB 0x00000007ffa00000| Complete 
|2007|0x00000007ffc00000, 0x00000007ffe00000, 0x00000007ffe00000|100%| E|CS|TAMS 0x00000007ffc00000| PB 0x00000007ffc00000| Complete 
|2008|0x00000007ffe00000, 0x0000000800000000, 0x0000000800000000|100%| O|Cm|TAMS 0x00000007ffe00000| PB 0x00000007ffe00000| Complete 

Card table byte_map: [0x000002eacc810000,0x000002eaccff0000] _byte_map_base: 0x000002eac8fe9000

Marking Bits: (CMBitMap*) 0x000002eab43a0b50
 Bits: [0x000002eaccff0000, 0x000002ead0eb8000)

Polling page: 0x000002eab2280000

Metaspace:

Usage:
  Non-class:     35.21 MB used.
      Class:      4.42 MB used.
       Both:     39.63 MB used.

Virtual space:
  Non-class space:       64.00 MB reserved,      35.75 MB ( 56%) committed,  1 nodes.
      Class space:        1.00 GB reserved,       4.75 MB ( <1%) committed,  1 nodes.
             Both:        1.06 GB reserved,      40.50 MB (  4%) committed. 

Chunk freelists:
   Non-Class:  12.02 MB
       Class:  11.33 MB
        Both:  23.35 MB

MaxMetaspaceSize: unlimited
CompressedClassSpaceSize: 1.00 GB
Initial GC threshold: 21.00 MB
Current GC threshold: 67.50 MB
CDS: on
 - commit_granule_bytes: 65536.
 - commit_granule_words: 8192.
 - virtual_space_node_default_size: 8388608.
 - enlarge_chunks_in_place: 1.
 - use_allocation_guard: 0.


Internal statistics:

num_allocs_failed_limit: 6.
num_arena_births: 370.
num_arena_deaths: 4.
num_vsnodes_births: 2.
num_vsnodes_deaths: 0.
num_space_committed: 663.
num_space_uncommitted: 7.
num_chunks_returned_to_freelist: 74.
num_chunks_taken_from_freelist: 1657.
num_chunk_merges: 22.
num_chunk_splits: 1192.
num_chunks_enlarged: 944.
num_inconsistent_stats: 0.

CodeHeap 'non-profiled nmethods': size=119168Kb used=4581Kb max_used=4834Kb free=114586Kb
 bounds [0x000002eac4350000, 0x000002eac4820000, 0x000002eacb7b0000]
CodeHeap 'profiled nmethods': size=119104Kb used=17768Kb max_used=19075Kb free=101335Kb
 bounds [0x000002eabc7b0000, 0x000002eabda60000, 0x000002eac3c00000]
CodeHeap 'non-nmethods': size=7488Kb used=1583Kb max_used=3288Kb free=5904Kb
 bounds [0x000002eac3c00000, 0x000002eac3fc0000, 0x000002eac4350000]
 total_blobs=8896 nmethods=8259 adapters=541
 compilation: enabled
              stopped_count=0, restarted_count=0
 full_count=0

Compilation events (20 events):
Event: 160.310 Thread 0x000002eb1900c3f0 9795   !   3       sun.nio.ch.NioSocketImpl::tryWrite (78 bytes)
Event: 160.310 Thread 0x000002eb19008320 9797       4       javax.crypto.Cipher::checkCipherState (53 bytes)
Event: 160.311 Thread 0x000002eb1c5086d0 nmethod 9794 0x000002eabd13c790 code [0x000002eabd13c960, 0x000002eabd13cdd0]
Event: 160.311 Thread 0x000002eb1900c3f0 nmethod 9795 0x000002eabc7bb190 code [0x000002eabc7bb3a0, 0x000002eabc7bb908]
Event: 160.311 Thread 0x000002eb19008320 nmethod 9797 0x000002eac448db10 code [0x000002eac448dca0, 0x000002eac448dd88]
Event: 160.625 Thread 0x000002eb19008320 9798       4       java.lang.AbstractStringBuilder::appendChars (130 bytes)
Event: 160.631 Thread 0x000002eb19008320 nmethod 9798 0x000002eac44d4490 code [0x000002eac44d4620, 0x000002eac44d4930]
Event: 160.945 Thread 0x000002eb1af4d020 9799       3       java.text.SimpleDateFormat::encode (95 bytes)
Event: 160.945 Thread 0x000002eb1900c3f0 9800       1       java.text.DecimalFormat::getMinimumIntegerDigits (5 bytes)
Event: 160.945 Thread 0x000002eb1900c3f0 nmethod 9800 0x000002eac4456f90 code [0x000002eac4457120, 0x000002eac44571e8]
Event: 160.946 Thread 0x000002eb1af4d020 nmethod 9799 0x000002eabcab3e10 code [0x000002eabcab40a0, 0x000002eabcab49c8]
Event: 162.556 Thread 0x000002eb19008320 9801       4       java.util.concurrent.ArrayBlockingQueue::enqueue (53 bytes)
Event: 162.565 Thread 0x000002eb19008320 nmethod 9801 0x000002eac460df90 code [0x000002eac460e160, 0x000002eac460e9f0]
Event: 162.678 Thread 0x000002eb19008320 9802   !   4       org.apache.maven.cli.transfer.SimplexTransferListener::put (60 bytes)
Event: 162.697 Thread 0x000002eb19008320 nmethod 9802 0x000002eac4607610 code [0x000002eac46078c0, 0x000002eac4608c10]
Event: 162.697 Thread 0x000002eb19008320 9803   !   4       java.util.concurrent.ArrayBlockingQueue::put (58 bytes)
Event: 162.710 Thread 0x000002eb19008320 nmethod 9803 0x000002eac440de90 code [0x000002eac440e0e0, 0x000002eac440ee78]
Event: 166.072 Thread 0x000002eb19008320 9804   !   4       java.io.PrintStream::write (81 bytes)
Event: 166.084 Thread 0x000002eb19008320 nmethod 9804 0x000002eac4610a10 code [0x000002eac4610cc0, 0x000002eac4611c38]
Event: 166.323 Thread 0x000002eb19008320 9805   !   4       org.apache.maven.cli.transfer.ConsoleMavenTransferListener::transferProgressed (245 bytes)

GC Heap History (20 events):
Event: 100.416 GC heap before
{Heap before GC invocations=9 (full 0):
 garbage-first heap   total 61440K, used 48771K [0x0000000704e00000, 0x0000000800000000)
  region size 2048K, 18 young (36864K), 2 survivors (4096K)
 Metaspace       used 26236K, committed 26496K, reserved 1114112K
  class space    used 2913K, committed 3008K, reserved 1048576K
}
Event: 100.422 GC heap after
{Heap after GC invocations=10 (full 0):
 garbage-first heap   total 61440K, used 17813K [0x0000000704e00000, 0x0000000800000000)
  region size 2048K, 1 young (2048K), 1 survivors (2048K)
 Metaspace       used 26236K, committed 26496K, reserved 1114112K
  class space    used 2913K, committed 3008K, reserved 1048576K
}
Event: 112.245 GC heap before
{Heap before GC invocations=10 (full 0):
 garbage-first heap   total 61440K, used 52629K [0x0000000704e00000, 0x0000000800000000)
  region size 2048K, 18 young (36864K), 1 survivors (2048K)
 Metaspace       used 29293K, committed 29696K, reserved 1114112K
  class space    used 3212K, committed 3392K, reserved 1048576K
}
Event: 112.253 GC heap after
{Heap after GC invocations=11 (full 0):
 garbage-first heap   total 61440K, used 19500K [0x0000000704e00000, 0x0000000800000000)
  region size 2048K, 2 young (4096K), 2 survivors (4096K)
 Metaspace       used 29293K, committed 29696K, reserved 1114112K
  class space    used 3212K, committed 3392K, reserved 1048576K
}
Event: 117.411 GC heap before
{Heap before GC invocations=11 (full 0):
 garbage-first heap   total 61440K, used 60460K [0x0000000704e00000, 0x0000000800000000)
  region size 2048K, 18 young (36864K), 2 survivors (4096K)
 Metaspace       used 35494K, committed 35840K, reserved 1114112K
  class space    used 3951K, committed 4096K, reserved 1048576K
}
Event: 117.433 GC heap after
{Heap after GC invocations=12 (full 0):
 garbage-first heap   total 75776K, used 38836K [0x0000000704e00000, 0x0000000800000000)
  region size 2048K, 3 young (6144K), 3 survivors (6144K)
 Metaspace       used 35494K, committed 35840K, reserved 1114112K
  class space    used 3951K, committed 4096K, reserved 1048576K
}
Event: 117.533 GC heap before
{Heap before GC invocations=12 (full 0):
 garbage-first heap   total 75776K, used 40884K [0x0000000704e00000, 0x0000000800000000)
  region size 2048K, 5 young (10240K), 3 survivors (6144K)
 Metaspace       used 35618K, committed 35968K, reserved 1114112K
  class space    used 3963K, committed 4096K, reserved 1048576K
}
Event: 117.539 GC heap after
{Heap after GC invocations=13 (full 0):
 garbage-first heap   total 75776K, used 40420K [0x0000000704e00000, 0x0000000800000000)
  region size 2048K, 1 young (2048K), 1 survivors (2048K)
 Metaspace       used 35618K, committed 35968K, reserved 1114112K
  class space    used 3963K, committed 4096K, reserved 1048576K
}
Event: 118.100 GC heap before
{Heap before GC invocations=14 (full 0):
 garbage-first heap   total 75776K, used 60900K [0x0000000704e00000, 0x0000000800000000)
  region size 2048K, 11 young (22528K), 1 survivors (2048K)
 Metaspace       used 36854K, committed 37248K, reserved 1114112K
  class space    used 4107K, committed 4288K, reserved 1048576K
}
Event: 118.107 GC heap after
{Heap after GC invocations=15 (full 0):
 garbage-first heap   total 75776K, used 41094K [0x0000000704e00000, 0x0000000800000000)
  region size 2048K, 1 young (2048K), 1 survivors (2048K)
 Metaspace       used 36854K, committed 37248K, reserved 1114112K
  class space    used 4107K, committed 4288K, reserved 1048576K
}
Event: 119.296 GC heap before
{Heap before GC invocations=15 (full 0):
 garbage-first heap   total 75776K, used 59526K [0x0000000704e00000, 0x0000000800000000)
  region size 2048K, 11 young (22528K), 1 survivors (2048K)
 Metaspace       used 38767K, committed 39232K, reserved 1114112K
  class space    used 4334K, committed 4544K, reserved 1048576K
}
Event: 119.310 GC heap after
{Heap after GC invocations=16 (full 0):
 garbage-first heap   total 75776K, used 42179K [0x0000000704e00000, 0x0000000800000000)
  region size 2048K, 2 young (4096K), 2 survivors (4096K)
 Metaspace       used 38767K, committed 39232K, reserved 1114112K
  class space    used 4334K, committed 4544K, reserved 1048576K
}
Event: 127.150 GC heap before
{Heap before GC invocations=16 (full 0):
 garbage-first heap   total 75776K, used 62659K [0x0000000704e00000, 0x0000000800000000)
  region size 2048K, 12 young (24576K), 2 survivors (4096K)
 Metaspace       used 38899K, committed 39360K, reserved 1114112K
  class space    used 4335K, committed 4544K, reserved 1048576K
}
Event: 127.159 GC heap after
{Heap after GC invocations=17 (full 0):
 garbage-first heap   total 75776K, used 42699K [0x0000000704e00000, 0x0000000800000000)
  region size 2048K, 1 young (2048K), 1 survivors (2048K)
 Metaspace       used 38899K, committed 39360K, reserved 1114112K
  class space    used 4335K, committed 4544K, reserved 1048576K
}
Event: 138.055 GC heap before
{Heap before GC invocations=18 (full 0):
 garbage-first heap   total 75776K, used 59083K [0x0000000704e00000, 0x0000000800000000)
  region size 2048K, 12 young (24576K), 1 survivors (2048K)
 Metaspace       used 39560K, committed 40064K, reserved 1114112K
  class space    used 4385K, committed 4608K, reserved 1048576K
}
Event: 138.058 GC heap after
{Heap after GC invocations=19 (full 0):
 garbage-first heap   total 75776K, used 39796K [0x0000000704e00000, 0x0000000800000000)
  region size 2048K, 2 young (4096K), 2 survivors (4096K)
 Metaspace       used 39560K, committed 40064K, reserved 1114112K
  class space    used 4385K, committed 4608K, reserved 1048576K
}
Event: 146.083 GC heap before
{Heap before GC invocations=19 (full 0):
 garbage-first heap   total 75776K, used 64372K [0x0000000704e00000, 0x0000000800000000)
  region size 2048K, 14 young (28672K), 2 survivors (4096K)
 Metaspace       used 41026K, committed 41536K, reserved 1114112K
  class space    used 4601K, committed 4864K, reserved 1048576K
}
Event: 146.090 GC heap after
{Heap after GC invocations=20 (full 0):
 garbage-first heap   total 75776K, used 35655K [0x0000000704e00000, 0x0000000800000000)
  region size 2048K, 2 young (4096K), 2 survivors (4096K)
 Metaspace       used 41026K, committed 41536K, reserved 1114112K
  class space    used 4601K, committed 4864K, reserved 1048576K
}
Event: 154.511 GC heap before
{Heap before GC invocations=20 (full 0):
 garbage-first heap   total 75776K, used 60231K [0x0000000704e00000, 0x0000000800000000)
  region size 2048K, 15 young (30720K), 2 survivors (4096K)
 Metaspace       used 41942K, committed 42432K, reserved 1114112K
  class space    used 4692K, committed 4928K, reserved 1048576K
}
Event: 154.514 GC heap after
{Heap after GC invocations=21 (full 0):
 garbage-first heap   total 75776K, used 36318K [0x0000000704e00000, 0x0000000800000000)
  region size 2048K, 2 young (4096K), 2 survivors (4096K)
 Metaspace       used 41942K, committed 42432K, reserved 1114112K
  class space    used 4692K, committed 4928K, reserved 1048576K
}

Dll operation events (10 events):
Event: 0.004 Loaded shared library D:\111\bin\java.dll
Event: 0.029 Loaded shared library D:\111\bin\jsvml.dll
Event: 0.068 Loaded shared library D:\111\bin\net.dll
Event: 0.091 Loaded shared library D:\111\bin\nio.dll
Event: 0.167 Loaded shared library D:\111\bin\zip.dll
Event: 0.256 Loaded shared library D:\111\bin\jimage.dll
Event: 0.256 Loaded shared library D:\apache-maven-3.9.11\lib\jansi-native\Windows\x86_64\jansi.dll
Event: 0.294 Loaded shared library D:\111\bin\verify.dll
Event: 1.547 Loaded shared library D:\111\bin\extnet.dll
Event: 1.802 Loaded shared library D:\111\bin\sunmscapi.dll

Deoptimization events (20 events):
Event: 146.127 Thread 0x000002eab2036d60 Uncommon trap: trap_request=0xffffffbe fr.pc=0x000002eac446e970 relative=0x00000000000011d0
Event: 146.127 Thread 0x000002eab2036d60 Uncommon trap: reason=profile_predicate action=maybe_recompile pc=0x000002eac446e970 method=java.util.TimSort.binarySort([Ljava/lang/Object;IIILjava/util/Comparator;)V @ 34 c2
Event: 146.127 Thread 0x000002eab2036d60 DEOPT PACKING pc=0x000002eac446e970 sp=0x000000eb9bffdda0
Event: 146.127 Thread 0x000002eab2036d60 DEOPT UNPACKING pc=0x000002eac3c546a2 sp=0x000000eb9bffdd70 mode 2
Event: 146.127 Thread 0x000002eab2036d60 Uncommon trap: trap_request=0xffffffde fr.pc=0x000002eac46e5dc4 relative=0x0000000000000924
Event: 146.127 Thread 0x000002eab2036d60 Uncommon trap: reason=class_check action=maybe_recompile pc=0x000002eac46e5dc4 method=java.io.BufferedWriter.write(Ljava/lang/String;II)V @ 8 c2
Event: 146.127 Thread 0x000002eab2036d60 DEOPT PACKING pc=0x000002eac46e5dc4 sp=0x000000eb9bffdf40
Event: 146.127 Thread 0x000002eab2036d60 DEOPT UNPACKING pc=0x000002eac3c546a2 sp=0x000000eb9bffdf00 mode 2
Event: 146.127 Thread 0x000002eab2036d60 Uncommon trap: trap_request=0xffffffde fr.pc=0x000002eac46e5dc4 relative=0x0000000000000924
Event: 146.127 Thread 0x000002eab2036d60 Uncommon trap: reason=class_check action=maybe_recompile pc=0x000002eac46e5dc4 method=java.io.BufferedWriter.write(Ljava/lang/String;II)V @ 8 c2
Event: 146.127 Thread 0x000002eab2036d60 DEOPT PACKING pc=0x000002eac46e5dc4 sp=0x000000eb9bffdf40
Event: 146.127 Thread 0x000002eab2036d60 DEOPT UNPACKING pc=0x000002eac3c546a2 sp=0x000000eb9bffdf00 mode 2
Event: 146.128 Thread 0x000002eab2036d60 Uncommon trap: trap_request=0xffffffde fr.pc=0x000002eac47e40b8 relative=0x0000000000000dd8
Event: 146.128 Thread 0x000002eab2036d60 Uncommon trap: reason=class_check action=maybe_recompile pc=0x000002eac47e40b8 method=java.io.BufferedWriter.flushBuffer()V @ 6 c2
Event: 146.128 Thread 0x000002eab2036d60 DEOPT PACKING pc=0x000002eac47e40b8 sp=0x000000eb9bffde80
Event: 146.128 Thread 0x000002eab2036d60 DEOPT UNPACKING pc=0x000002eac3c546a2 sp=0x000000eb9bffde58 mode 2
Event: 151.724 Thread 0x000002eab2036d60 Uncommon trap: trap_request=0xffffffde fr.pc=0x000002eac46235bc relative=0x000000000000059c
Event: 151.724 Thread 0x000002eab2036d60 Uncommon trap: reason=class_check action=maybe_recompile pc=0x000002eac46235bc method=org.codehaus.plexus.interpolation.MapBasedValueSource.getValue(Ljava/lang/String;)Ljava/lang/Object; @ 16 c2
Event: 151.724 Thread 0x000002eab2036d60 DEOPT PACKING pc=0x000002eac46235bc sp=0x000000eb9bffc680
Event: 151.724 Thread 0x000002eab2036d60 DEOPT UNPACKING pc=0x000002eac3c546a2 sp=0x000000eb9bffc618 mode 2

Classes loaded (20 events):
Event: 146.125 Loading class java/nio/file/attribute/UserPrincipal done
Event: 146.125 Loading class sun/nio/fs/WindowsUserPrincipals$User done
Event: 146.128 Loading class java/io/FileOutputStream$1
Event: 146.128 Loading class java/io/FileOutputStream$1 done
Event: 146.142 Loading class java/util/zip/Deflater
Event: 146.143 Loading class java/util/zip/Deflater done
Event: 146.144 Loading class java/util/zip/Deflater$DeflaterZStreamRef
Event: 146.144 Loading class java/util/zip/Deflater$DeflaterZStreamRef done
Event: 146.150 Loading class java/util/concurrent/ConcurrentLinkedDeque
Event: 146.150 Loading class java/util/concurrent/ConcurrentLinkedDeque done
Event: 146.150 Loading class java/util/concurrent/ConcurrentLinkedDeque$Node
Event: 146.150 Loading class java/util/concurrent/ConcurrentLinkedDeque$Node done
Event: 146.158 Loading class java/io/DataOutputStream
Event: 146.158 Loading class java/io/DataOutputStream done
Event: 146.163 Loading class java/util/concurrent/ConcurrentLinkedQueue$Itr
Event: 146.163 Loading class java/util/concurrent/ConcurrentLinkedQueue$Itr done
Event: 146.189 Loading class java/util/concurrent/ConcurrentLinkedDeque$Itr
Event: 146.189 Loading class java/util/concurrent/ConcurrentLinkedDeque$AbstractItr
Event: 146.190 Loading class java/util/concurrent/ConcurrentLinkedDeque$AbstractItr done
Event: 146.190 Loading class java/util/concurrent/ConcurrentLinkedDeque$Itr done

Classes unloaded (20 events):
Event: 154.527 Thread 0x000002ead3373b30 Unloading class 0x000002ead540a7e8 'lombok/javac/apt/MessagerDiagnosticsReceiver'
Event: 154.527 Thread 0x000002ead3373b30 Unloading class 0x000002ead540a420 'lombok/javac/apt/InterceptingJavaFileManager'
Event: 154.527 Thread 0x000002ead3373b30 Unloading class 0x000002ead540a218 'lombok/permit/dummy/Parent'
Event: 154.527 Thread 0x000002ead3373b30 Unloading class 0x000002ead540a000 'lombok/core/CleanupRegistry'
Event: 154.527 Thread 0x000002ead3373b30 Unloading class 0x000002ead5409de8 'lombok/permit/Permit$Fake'
Event: 154.527 Thread 0x000002ead3373b30 Unloading class 0x000002ead5409be8 'lombok/permit/Permit'
Event: 154.527 Thread 0x000002ead3373b30 Unloading class 0x000002ead54099f0 'lombok/core/DiagnosticsReceiver'
Event: 154.527 Thread 0x000002ead3373b30 Unloading class 0x000002ead5409700 'lombok/javac/apt/LombokProcessor$1'
Event: 154.527 Thread 0x000002ead3373b30 Unloading class 0x000002ead5409468 'lombok/javac/apt/LombokProcessor'
Event: 154.527 Thread 0x000002ead3373b30 Unloading class 0x000002ead5409238 'lombok/core/AnnotationProcessor$EcjDescriptor'
Event: 154.527 Thread 0x000002ead3373b30 Unloading class 0x000002ead5409000 'lombok/core/AnnotationProcessor$JavacDescriptor'
Event: 154.527 Thread 0x000002ead3373b30 Unloading class 0x000002ead5408a80 'lombok/core/AnnotationProcessor$ProcessorDescriptor'
Event: 154.527 Thread 0x000002ead3373b30 Unloading class 0x000002ead5408800 'lombok/core/AnnotationProcessor'
Event: 154.527 Thread 0x000002ead3373b30 Unloading class 0x000002ead5439000 'lombok/launch/AnnotationProcessorHider$ClaimingProcessor'
Event: 154.527 Thread 0x000002ead3373b30 Unloading class 0x000002ead5408498 'lombok/launch/AnnotationProcessorHider$AstModificationNotifierData'
Event: 154.527 Thread 0x000002ead3373b30 Unloading class 0x000002ead5408218 'lombok/launch/ClassFileMetaData'
Event: 154.527 Thread 0x000002ead3373b30 Unloading class 0x000002ead5408000 'lombok/launch/PackageShader'
Event: 154.527 Thread 0x000002ead3373b30 Unloading class 0x000002ead53e4480 'lombok/launch/ShadowClassLoader'
Event: 154.527 Thread 0x000002ead3373b30 Unloading class 0x000002ead53e4280 'lombok/launch/Main'
Event: 154.527 Thread 0x000002ead3373b30 Unloading class 0x000002ead53e4000 'lombok/launch/AnnotationProcessorHider$AnnotationProcessor'

Classes redefined (0 events):
No events

Internal exceptions (20 events):
Event: 160.238 Thread 0x000002eab2036d60 Exception <a 'sun/nio/fs/WindowsException'{0x000000070857efb0}> (0x000000070857efb0) 
thrown [s\open\src\hotspot\share\prims\jni.cpp, line 520]
Event: 160.293 Thread 0x000002eb1baeaf60 Exception <a 'sun/nio/fs/WindowsException'{0x00000007085fd528}> (0x00000007085fd528) 
thrown [s\open\src\hotspot\share\prims\jni.cpp, line 520]
Event: 160.294 Thread 0x000002eb1bae9bb0 Exception <a 'sun/nio/fs/WindowsException'{0x00000007082222b0}> (0x00000007082222b0) 
thrown [s\open\src\hotspot\share\prims\jni.cpp, line 520]
Event: 160.296 Thread 0x000002eb1bae8e90 Exception <a 'sun/nio/fs/WindowsException'{0x0000000708243710}> (0x0000000708243710) 
thrown [s\open\src\hotspot\share\prims\jni.cpp, line 520]
Event: 160.298 Thread 0x000002eb1baea240 Exception <a 'sun/nio/fs/WindowsException'{0x0000000708264c68}> (0x0000000708264c68) 
thrown [s\open\src\hotspot\share\prims\jni.cpp, line 520]
Event: 160.298 Thread 0x000002eb1baea8d0 Exception <a 'sun/nio/fs/WindowsException'{0x0000000708286030}> (0x0000000708286030) 
thrown [s\open\src\hotspot\share\prims\jni.cpp, line 520]
Event: 160.521 Thread 0x000002eb1baea240 Exception <a 'sun/nio/fs/WindowsException'{0x000000070826c868}> (0x000000070826c868) 
thrown [s\open\src\hotspot\share\prims\jni.cpp, line 520]
Event: 160.533 Thread 0x000002eb1bae9bb0 Exception <a 'sun/nio/fs/WindowsException'{0x00000007082297d0}> (0x00000007082297d0) 
thrown [s\open\src\hotspot\share\prims\jni.cpp, line 520]
Event: 160.551 Thread 0x000002eb1baea8d0 Exception <a 'sun/nio/fs/WindowsException'{0x000000070828d220}> (0x000000070828d220) 
thrown [s\open\src\hotspot\share\prims\jni.cpp, line 520]
Event: 160.585 Thread 0x000002eb1baeaf60 Exception <a 'sun/nio/fs/WindowsException'{0x0000000708204848}> (0x0000000708204848) 
thrown [s\open\src\hotspot\share\prims\jni.cpp, line 520]
Event: 160.624 Thread 0x000002eb1bae8e90 Exception <a 'sun/nio/fs/WindowsException'{0x000000070824aa08}> (0x000000070824aa08) 
thrown [s\open\src\hotspot\share\prims\jni.cpp, line 520]
Event: 160.626 Thread 0x000002eb1baea240 Exception <a 'sun/nio/fs/WindowsException'{0x00000007082820e8}> (0x00000007082820e8) 
thrown [s\open\src\hotspot\share\prims\jni.cpp, line 520]
Event: 160.879 Thread 0x000002eb1baea240 Exception <a 'sun/nio/fs/WindowsException'{0x0000000708284218}> (0x0000000708284218) 
thrown [s\open\src\hotspot\share\prims\jni.cpp, line 520]
Event: 160.946 Thread 0x000002eb1bae9bb0 Exception <a 'sun/nio/fs/WindowsException'{0x0000000708240ef0}> (0x0000000708240ef0) 
thrown [s\open\src\hotspot\share\prims\jni.cpp, line 520]
Event: 160.994 Thread 0x000002eb1bae9bb0 Exception <a 'sun/nio/fs/WindowsException'{0x000000070839b1a8}> (0x000000070839b1a8) 
thrown [s\open\src\hotspot\share\prims\jni.cpp, line 520]
Event: 162.274 Thread 0x000002eb1baea240 Exception <a 'sun/nio/fs/WindowsException'{0x00000007083322f0}> (0x00000007083322f0) 
thrown [s\open\src\hotspot\share\prims\jni.cpp, line 520]
Event: 162.336 Thread 0x000002eb1bae9bb0 Exception <a 'sun/nio/fs/WindowsException'{0x00000007083a1848}> (0x00000007083a1848) 
thrown [s\open\src\hotspot\share\prims\jni.cpp, line 520]
Event: 162.695 Thread 0x000002eb1bae8e90 Exception <a 'sun/nio/fs/WindowsException'{0x0000000708263aa8}> (0x0000000708263aa8) 
thrown [s\open\src\hotspot\share\prims\jni.cpp, line 520]
Event: 162.741 Thread 0x000002eb1bae8e90 Exception <a 'sun/nio/fs/WindowsException'{0x0000000708173ce0}> (0x0000000708173ce0) 
thrown [s\open\src\hotspot\share\prims\jni.cpp, line 520]
Event: 163.445 Thread 0x000002eb1bae8e90 Exception <a 'sun/nio/fs/WindowsException'{0x000000070817a6c8}> (0x000000070817a6c8) 
thrown [s\open\src\hotspot\share\prims\jni.cpp, line 520]

ZGC Phase Switch (0 events):
No events

VM Operations (20 events):
Event: 152.219 Executing VM operation: Cleanup
Event: 152.219 Executing VM operation: Cleanup done
Event: 153.232 Executing VM operation: Cleanup
Event: 153.232 Executing VM operation: Cleanup done
Event: 154.511 Executing VM operation: G1CollectForAllocation (G1 Evacuation Pause)
Event: 154.515 Executing VM operation: G1CollectForAllocation (G1 Evacuation Pause) done
Event: 154.526 Executing VM operation: G1PauseRemark
Event: 154.541 Executing VM operation: G1PauseRemark done
Event: 154.546 Executing VM operation: G1PauseCleanup
Event: 154.546 Executing VM operation: G1PauseCleanup done
Event: 155.558 Executing VM operation: Cleanup
Event: 155.558 Executing VM operation: Cleanup done
Event: 156.558 Executing VM operation: Cleanup
Event: 156.558 Executing VM operation: Cleanup done
Event: 157.567 Executing VM operation: Cleanup
Event: 157.567 Executing VM operation: Cleanup done
Event: 159.595 Executing VM operation: Cleanup
Event: 159.595 Executing VM operation: Cleanup done
Event: 163.625 Executing VM operation: Cleanup
Event: 163.625 Executing VM operation: Cleanup done

Events (20 events):
Event: 154.539 Thread 0x000002ead3373b30 flushing nmethod 0x000002eabd89f910
Event: 154.539 Thread 0x000002ead3373b30 flushing nmethod 0x000002eabd8a0890
Event: 154.539 Thread 0x000002ead3373b30 flushing nmethod 0x000002eabd8a2f90
Event: 154.539 Thread 0x000002ead3373b30 flushing nmethod 0x000002eabd8f6110
Event: 154.539 Thread 0x000002ead3373b30 flushing nmethod 0x000002eabd917590
Event: 154.539 Thread 0x000002ead3373b30 flushing nmethod 0x000002eabd918210
Event: 154.539 Thread 0x000002ead3373b30 flushing nmethod 0x000002eabd948690
Event: 154.539 Thread 0x000002ead3373b30 flushing nmethod 0x000002eabd991c90
Event: 154.539 Thread 0x000002ead3373b30 flushing nmethod 0x000002eabd992590
Event: 159.480 Thread 0x000002eb1c628aa0 Thread added: 0x000002eb1c628aa0
Event: 160.292 Thread 0x000002eb1baeaf60 Thread added: 0x000002eb1baeaf60
Event: 160.292 Thread 0x000002eb1bae9bb0 Thread added: 0x000002eb1bae9bb0
Event: 160.292 Thread 0x000002eb1bae8e90 Thread added: 0x000002eb1bae8e90
Event: 160.292 Thread 0x000002eb1baea240 Thread added: 0x000002eb1baea240
Event: 160.292 Thread 0x000002eb1baea8d0 Thread added: 0x000002eb1baea8d0
Event: 160.293 Thread 0x000002eb1c5086d0 Thread added: 0x000002eb1c5086d0
Event: 160.293 Thread 0x000002eb1af4d020 Thread added: 0x000002eb1af4d020
Event: 162.556 Thread 0x000002eb1af4d020 Thread exited: 0x000002eb1af4d020
Event: 162.556 Thread 0x000002eb1c5086d0 Thread exited: 0x000002eb1c5086d0
Event: 162.678 Thread 0x000002eb1c628aa0 Thread exited: 0x000002eb1c628aa0


Dynamic libraries:
0x00007ff723a40000 - 0x00007ff723a50000 	D:\111\bin\java.exe
0x00007ff8e0680000 - 0x00007ff8e08e8000 	C:\WINDOWS\SYSTEM32\ntdll.dll
0x00007ff8de420000 - 0x00007ff8de4e9000 	C:\WINDOWS\System32\KERNEL32.DLL
0x00007ff8ddf90000 - 0x00007ff8de388000 	C:\WINDOWS\System32\KERNELBASE.dll
0x00007ff8dde40000 - 0x00007ff8ddf8b000 	C:\WINDOWS\System32\ucrtbase.dll
0x00007ff8cac90000 - 0x00007ff8caca9000 	D:\111\bin\jli.dll
0x00007ff8bf2f0000 - 0x00007ff8bf30b000 	D:\111\bin\VCRUNTIME140.dll
0x00007ff8dea20000 - 0x00007ff8dead4000 	C:\WINDOWS\System32\ADVAPI32.dll
0x00007ff8dec80000 - 0x00007ff8ded29000 	C:\WINDOWS\System32\msvcrt.dll
0x00007ff8deae0000 - 0x00007ff8deb86000 	C:\WINDOWS\System32\sechost.dll
0x00007ff8df6e0000 - 0x00007ff8df7f8000 	C:\WINDOWS\System32\RPCRT4.dll
0x00007ff8dee60000 - 0x00007ff8df027000 	C:\WINDOWS\System32\USER32.dll
0x00007ff8ddb30000 - 0x00007ff8ddb57000 	C:\WINDOWS\System32\win32u.dll
0x00007ff8c17e0000 - 0x00007ff8c1a74000 	C:\WINDOWS\WinSxS\amd64_microsoft.windows.common-controls_6595b64144ccf1df_6.0.26100.7019_none_3e06ffa0e335b8a8\COMCTL32.dll
0x00007ff8e05f0000 - 0x00007ff8e061b000 	C:\WINDOWS\System32\GDI32.dll
0x00007ff8dd890000 - 0x00007ff8dd9bc000 	C:\WINDOWS\System32\gdi32full.dll
0x00007ff8ddb60000 - 0x00007ff8ddc03000 	C:\WINDOWS\System32\msvcp_win.dll
0x00007ff8d60d0000 - 0x00007ff8d60db000 	C:\WINDOWS\SYSTEM32\VERSION.dll
0x00007ff8dee10000 - 0x00007ff8dee41000 	C:\WINDOWS\System32\IMM32.DLL
0x00007ff8cada0000 - 0x00007ff8cadac000 	D:\111\bin\vcruntime140_1.dll
0x00007ff88d640000 - 0x00007ff88d6ce000 	D:\111\bin\msvcp140.dll
0x00007ff85f5f0000 - 0x00007ff860303000 	D:\111\bin\server\jvm.dll
0x00007ff8de4f0000 - 0x00007ff8de564000 	C:\WINDOWS\System32\WS2_32.dll
0x00007ff8da0f0000 - 0x00007ff8da125000 	C:\WINDOWS\SYSTEM32\WINMM.dll
0x00007ff8dc410000 - 0x00007ff8dc46e000 	C:\WINDOWS\SYSTEM32\POWRPROF.dll
0x00007ff8dc3f0000 - 0x00007ff8dc404000 	C:\WINDOWS\SYSTEM32\UMPDC.dll
0x00007ff8dc6b0000 - 0x00007ff8dc6cb000 	C:\WINDOWS\SYSTEM32\kernel.appcore.dll
0x00007ff8c3d20000 - 0x00007ff8c3d2a000 	D:\111\bin\jimage.dll
0x00007ff8dae80000 - 0x00007ff8db0c2000 	C:\WINDOWS\SYSTEM32\DBGHELP.DLL
0x00007ff8df970000 - 0x00007ff8dfcfb000 	C:\WINDOWS\System32\combase.dll
0x00007ff8ded30000 - 0x00007ff8dee07000 	C:\WINDOWS\System32\OLEAUT32.dll
0x00007ff8b8590000 - 0x00007ff8b85cc000 	C:\WINDOWS\SYSTEM32\dbgcore.DLL
0x00007ff8ddd90000 - 0x00007ff8dde35000 	C:\WINDOWS\System32\bcryptPrimitives.dll
0x00007ff8be8e0000 - 0x00007ff8be8ff000 	D:\111\bin\java.dll
0x00007ff8dfd90000 - 0x00007ff8e04df000 	C:\WINDOWS\System32\SHELL32.dll
0x00007ff8dd9c0000 - 0x00007ff8ddb2b000 	C:\WINDOWS\System32\wintypes.dll
0x00007ff8db430000 - 0x00007ff8dbc8d000 	C:\WINDOWS\SYSTEM32\windows.storage.dll
0x00007ff8e04f0000 - 0x00007ff8e05e2000 	C:\WINDOWS\System32\SHCORE.dll
0x00007ff8deb90000 - 0x00007ff8debf7000 	C:\WINDOWS\System32\shlwapi.dll
0x00007ff8dd6f0000 - 0x00007ff8dd719000 	C:\WINDOWS\SYSTEM32\profapi.dll
0x00007ff880bc0000 - 0x00007ff880c97000 	D:\111\bin\jsvml.dll
0x00007ff8c3d00000 - 0x00007ff8c3d10000 	D:\111\bin\net.dll
0x00007ff8d7960000 - 0x00007ff8d7a88000 	C:\WINDOWS\SYSTEM32\WINHTTP.dll
0x00007ff8dcc20000 - 0x00007ff8dcc8b000 	C:\WINDOWS\system32\mswsock.dll
0x00007ff8be260000 - 0x00007ff8be276000 	D:\111\bin\nio.dll
0x00007ff8b7a70000 - 0x00007ff8b7a88000 	D:\111\bin\zip.dll
0x00007ff8a8c10000 - 0x00007ff8a8c34000 	D:\apache-maven-3.9.11\lib\jansi-native\Windows\x86_64\jansi.dll
0x00007ff8bfa90000 - 0x00007ff8bfaa0000 	D:\111\bin\verify.dll
0x00007ff8dcee0000 - 0x00007ff8dcefb000 	C:\WINDOWS\SYSTEM32\CRYPTSP.dll
0x00007ff8dc610000 - 0x00007ff8dc64a000 	C:\WINDOWS\system32\rsaenh.dll
0x00007ff8dccd0000 - 0x00007ff8dccfb000 	C:\WINDOWS\SYSTEM32\USERENV.dll
0x00007ff8dd6c0000 - 0x00007ff8dd6ea000 	C:\WINDOWS\SYSTEM32\bcrypt.dll
0x00007ff8dcf00000 - 0x00007ff8dcf0c000 	C:\WINDOWS\SYSTEM32\CRYPTBASE.dll
0x00007ff8dc180000 - 0x00007ff8dc1b4000 	C:\WINDOWS\SYSTEM32\IPHLPAPI.DLL
0x00007ff8dfd00000 - 0x00007ff8dfd0a000 	C:\WINDOWS\System32\NSI.dll
0x00007ff8dc1c0000 - 0x00007ff8dc2ec000 	C:\WINDOWS\SYSTEM32\DNSAPI.dll
0x00007ff8d7020000 - 0x00007ff8d702b000 	C:\Windows\System32\rasadhlp.dll
0x00007ff8d86f0000 - 0x00007ff8d8776000 	C:\WINDOWS\System32\fwpuclnt.dll
0x00007ff8bee20000 - 0x00007ff8bee29000 	D:\111\bin\extnet.dll
0x00007ff8beb80000 - 0x00007ff8beb8e000 	D:\111\bin\sunmscapi.dll
0x00007ff8ddc10000 - 0x00007ff8ddd87000 	C:\WINDOWS\System32\CRYPT32.dll
0x00007ff8dd100000 - 0x00007ff8dd130000 	C:\WINDOWS\SYSTEM32\ncrypt.dll
0x00007ff8dd0b0000 - 0x00007ff8dd0ef000 	C:\WINDOWS\SYSTEM32\NTASN1.dll

dbghelp: loaded successfully - version: 4.0.5 - missing functions: none
symbol engine: initialized successfully - sym options: 0x614 - pdb path: .;D:\111\bin;C:\WINDOWS\SYSTEM32;C:\WINDOWS\WinSxS\amd64_microsoft.windows.common-controls_6595b64144ccf1df_6.0.26100.7019_none_3e06ffa0e335b8a8;D:\111\bin\server;D:\apache-maven-3.9.11\lib\jansi-native\Windows\x86_64

VM Arguments:
jvm_args: --enable-native-access=ALL-UNNAMED -Dclassworlds.conf=D:\apache-maven-3.9.11\bin\m2.conf -Dmaven.home=D:\apache-maven-3.9.11 -Dlibrary.jansi.path=D:\apache-maven-3.9.11\lib\jansi-native -Dmaven.multiModuleProjectDirectory=D:\×ÀÃæ\ainaojin-backend\ainaojin-backend11 
java_command: org.codehaus.plexus.classworlds.launcher.Launcher clean install -U
java_class_path (initial): D:\apache-maven-3.9.11\boot\plexus-classworlds-2.9.0.jar
Launcher Type: SUN_STANDARD

[Global flags]
     intx CICompilerCount                          = 12                                        {product} {ergonomic}
     uint ConcGCThreads                            = 3                                         {product} {ergonomic}
     uint G1ConcRefinementThreads                  = 13                                        {product} {ergonomic}
   size_t G1HeapRegionSize                         = 2097152                                   {product} {ergonomic}
    uintx GCDrainStackTargetSize                   = 64                                        {product} {ergonomic}
   size_t InitialHeapSize                          = 264241152                                 {product} {ergonomic}
   size_t MarkStackSize                            = 4194304                                   {product} {ergonomic}
   size_t MaxHeapSize                              = 4213178368                                {product} {ergonomic}
   size_t MaxNewSize                               = 2527068160                                {product} {ergonomic}
   size_t MinHeapDeltaBytes                        = 2097152                                   {product} {ergonomic}
   size_t MinHeapSize                              = 8388608                                   {product} {ergonomic}
    uintx NonNMethodCodeHeapSize                   = 7602480                                {pd product} {ergonomic}
    uintx NonProfiledCodeHeapSize                  = 122027880                              {pd product} {ergonomic}
    uintx ProfiledCodeHeapSize                     = 122027880                              {pd product} {ergonomic}
    uintx ReservedCodeCacheSize                    = 251658240                              {pd product} {ergonomic}
     bool SegmentedCodeCache                       = true                                      {product} {ergonomic}
   size_t SoftMaxHeapSize                          = 4213178368                             {manageable} {ergonomic}
     bool UseCompressedOops                        = true                           {product lp64_product} {ergonomic}
     bool UseG1GC                                  = true                                      {product} {ergonomic}
     bool UseLargePagesIndividualAllocation        = false                                  {pd product} {ergonomic}

Logging:
Log output configuration:
 #0: stdout all=warning uptime,level,tags foldmultilines=false
 #1: stderr all=off uptime,level,tags foldmultilines=false

Environment Variables:
PATH=C:\Program Files\Microsoft MPI\Bin\;C:\Program Files\Common Files\Oracle\Java\javapath;C:\Program Files (x86)\VMware\VMware Workstation\bin\;C:\Windows\system32;C:\Windows;C:\Windows\System32\Wbem;C:\Windows\System32\WindowsPowerShell\v1.0\;C:\Windows\System32\OpenSSH\;C:\Program Files\dotnet\;C:\Program Files (x86)\NVIDIA Corporation\PhysX\Common;C:\Program Files\NVIDIA Corporation\NVIDIA NvDLISR;C:\Program Files\TortoiseGit\bin;C:\Program Files\Git\cmd;C:\Program Files (x86)\Windows Kits\10\Windows Performance Toolkit\;%NVM_HOME%;%NVM_SYMLINK%;C:\Program Files (x86)\Microsoft SQL Server\160\Tools\Binn\;C:\Program Files\Microsoft SQL Server\160\Tools\Binn\;C:\Program Files\Microsoft SQL Server\Client SDK\ODBC\170\Tools\Binn\;C:\Program Files\Microsoft SQL Server\160\DTS\Binn\;C:\Program Files (x86)\Microsoft SQL Server\160\DTS\Binn\;C:\Program Files (x86)\Tencent\Î¢ÐÅweb¿ª·¢Õß¹¤¾ß\dll;C:\WINDOWS\system32;C:\WINDOWS;C:\WINDOWS\System32\Wbem;C:\WINDOWS\System32\WindowsPowerShell\v1.0\;C:\WINDOWS\System32\OpenSSH\;C:\Program Files\nodejs\;C:\Program Files\MySQL\MySQL Shell 8.0\bin\;C:\Users\DELL\AppData\Local\Programs\Python\Python38\Scripts\;C:\Users\DELL\AppData\Local\Programs\Python\Python38\;C:\Users\DELL\AppData\Local\Microsoft\WindowsApps;C:\Users\DELL\AppData\Roaming\nvm;C:\Program Files\nodejs;C:\Users\DELL\AppData\Local\Programs\Microsoft VS Code\bin;C:\Users\DELL\AppData\Local\GitHubDesktop\bin;C:\Users\DELL\IntelliJ IDEA Community Edition 2025.2.3\bin;C:\Users\DELL\AppData\Roaming\npm
USERNAME=DELL
OS=Windows_NT
PROCESSOR_IDENTIFIER=Intel64 Family 6 Model 183 Stepping 1, GenuineIntel
TMP=C:\Users\DELL\AppData\Local\Temp
TEMP=C:\Users\DELL\AppData\Local\Temp




Periodic native trim disabled

---------------  S Y S T E M  ---------------

OS:
 Windows 11 , 64 bit Build 26100 (10.0.26100.7019)
OS uptime: 0 days 1:57 hours

CPU: total 16 (initial active 16) (8 cores per cpu, 2 threads per core) family 6 model 183 stepping 1 microcode 0x12f, cx8, cmov, fxsr, ht, mmx, 3dnowpref, sse, sse2, sse3, ssse3, sse4.1, sse4.2, popcnt, lzcnt, tsc, tscinvbit, avx, avx2, aes, erms, clmul, bmi1, bmi2, adx, sha, fma, vzeroupper, clflush, clflushopt, clwb, serialize, rdtscp, rdpid, fsrm, f16c, pku, cet_ibt, cet_ss
Processor Information for all 16 processors :
  Max Mhz: 2400, Current Mhz: 2400, Mhz Limit: 2400

Memory: 4k page, system-wide physical 16068M (3480M free)
TotalPageFile size 16068M (AvailPageFile size 1M)
current process WorkingSet (physical memory assigned to process): 223M, peak: 257M
current process commit charge ("private bytes"): 260M, peak: 429M

vm_info: Java HotSpot(TM) 64-Bit Server VM (21.0.4+8-LTS-274) for windows-amd64 JRE (21.0.4+8-LTS-274), built on 2024-06-05T05:23:33Z by "mach5one" with MS VC++ 17.6 (VS2022)

END.
